{"message":"Card with id e49a601d-3ffd-4290-aa2f-6d442a836a88 created","level":"info"}
{"message":"bookmark with id 1 deleted.","level":"info"}
{"message":"bookmark with id 4 not found.","level":"error"}
{"message":"Unauthorized request to path: /bookmark/4","level":"error"}
{"message":"bookmark with id 4 not found.","level":"error"}
{"message":"Unauthorized request to path: /bookmark/4","level":"error"}
{"message":"Unauthorized request to path: /bookmark/4","level":"error"}
{"message":"Unauthorized request to path: /bookmarks","level":"error"}
{"message":"Unauthorized request to path: /bookmarks/2","level":"error"}
{"message":"Unauthorized request to path: /bookmarks/123456","level":"error"}
{"message":"Unauthorized request to path: /bookmarks/123456","level":"error"}
{"message":"Unauthorized request to path: /bookmarks/123456","level":"error"}
{"message":"Unauthorized request to path: /bookmarks/123456","level":"error"}
{"message":"Unauthorized request to path: /bookmarks/123456","level":"error"}
{"message":"Unauthorized request to path: /bookmarks/123456","level":"error"}
{"message":"Unauthorized request to path: /bookmarks/","level":"error"}
{"message":"Unauthorized request to path: /bookmarks/","level":"error"}
{"message":"Unauthorized request to path: /bookmarks/","level":"error"}
{"message":"Bookmark with id f7e2436c-1dd1-4653-a8d5-68df12cc8601 created","level":"info"}
{"message":"Bookmark with id 1 created","level":"info"}
{"message":"Bookmark with id 1 created","level":"info"}
{"message":"Bookmark with id 1 created","level":"info"}
{"message":"Bookmark with id 1 created","level":"info"}
{"message":"Unauthorized request to path: /","level":"error"}
{"message":"Bookmark with id 1 created","level":"info"}
{"message":"Unauthorized request to path: /","level":"error"}
{"message":"Bookmark with id 1 created","level":"info"}
{"message":"Unauthorized request to path: /","level":"error"}
{"message":"Bookmark with id 1 created","level":"info"}
{"message":"Bookmark with id 9 created","level":"info"}
{"message":"Unauthorized request to path: /bookmarks/2","level":"error"}
{"message":"bookmark with id 2 deleted.","level":"info"}
{"message":"bookmark with id 2 deleted.","level":"info"}
{"message":"Unauthorized request to path: /bookmarks","level":"error"}
{"message":"bookmark with id 2 deleted.","level":"info"}
{"message":"Unauthorized request to path: /bookmarks","level":"error"}
{"message":"bookmark with id 2 deleted.","level":"info"}
{"message":"Unauthorized request to path: /bookmarks","level":"error"}
{"message":"Bookmark with id 1 created","level":"info"}
{"message":"bookmark with id 123 deleted.","level":"info"}
{"message":"bookmark with id 123 deleted.","level":"info"}
{"message":"bookmark with id 123 deleted.","level":"info"}
{"message":"bookmark with id 0 deleted.","level":"info"}
{"message":"bookmark with id 0 deleted.","level":"info"}
{"message":"bookmark with id 1 deleted.","level":"info"}
{"message":"Unauthorized request to path: /bookmarks","level":"error"}
{"message":"bookmark with id 0 deleted.","level":"info"}
{"message":"bookmark with id 0 deleted.","level":"info"}
{"message":"bookmark with id 0 deleted.","level":"info"}
{"message":"bookmark with id 0 deleted.","level":"info"}
{"message":"bookmark with id 0 deleted.","level":"info"}
{"message":"bookmark with id 1 deleted.","level":"info"}
{"message":"Bookmark with id 1 created","level":"info"}
{"message":"bookmark with id 0 deleted.","level":"info"}
{"message":"bookmark with id 1 deleted.","level":"info"}
{"message":"Bookmark with id 1 created","level":"info"}
{"message":"bookmark with id 0 deleted.","level":"info"}
{"message":"bookmark with id 1 deleted.","level":"info"}
{"message":"Bookmark with id 1 created","level":"info"}
{"message":"bookmark with id 0 deleted.","level":"info"}
{"message":"bookmark with id 1 deleted.","level":"info"}
{"message":"Unauthorized request to path: /api/bookmarks/123456","level":"error"}
{"message":"Unauthorized request to path: /api/bookmarks/123456","level":"error"}
{"message":"Unauthorized request to path: /api/bookmarks/2","level":"error"}
{"message":"Unauthorized request to path: /api/bookmarks/2","level":"error"}
{"message":"Unauthorized request to path: /api/bookmarks/2","level":"error"}
{"message":"Unauthorized request to path: /api/bookmarks/2","level":"error"}
{"message":"Bookmark with id 10 created","level":"info"}
{"message":"Bookmark with id 11 created","level":"info"}
{"message":"Bookmark with id 12 created","level":"info"}
{"message":"bookmark with id 1 deleted.","level":"info"}
{"message":"bookmark with id 0 deleted.","level":"info"}
{"message":"bookmark with id 0 deleted.","level":"info"}
{"message":"Bookmark with id 13 created","level":"info"}
{"message":"Bookmark with id 14 created","level":"info"}
{"message":"Bookmark with id 15 created","level":"info"}
{"message":"Bookmark with id 16 created","level":"info"}
{"message":"Bookmark with id 17 created","level":"info"}
{"message":"Bookmark with id 18 created","level":"info"}
{"message":"Bookmark with id 19 created","level":"info"}
{"message":"Bookmark with id 20 created","level":"info"}
{"message":"Bookmark with id 21 created","level":"info"}
{"message":"Bookmark with id 22 created","level":"info"}
{"message":"Bookmark with id 23 created","level":"info"}
{"message":"Bookmark with id 24 created","level":"info"}
{"message":"Bookmark with id 25 created","level":"info"}
{"message":"Bookmark with id 26 created","level":"info"}
{"message":"Bookmark with id 27 created","level":"info"}
{"message":"Bookmark with id 28 created","level":"info"}
{"message":"Bookmark with id 29 created","level":"info"}
{"message":"Bookmark with id 30 created","level":"info"}
{"message":"Bookmark with id 31 created","level":"info"}
{"message":"Bookmark with id 32 created","level":"info"}
{"message":"Bookmark with id 33 created","level":"info"}
{"message":"Bookmark with id 34 created","level":"info"}
{"message":"Bookmark with id 35 created","level":"info"}
{"message":"bookmark with id 1 deleted.","level":"info"}
{"message":"bookmark with id 0 deleted.","level":"info"}
{"message":"bookmark with id 1 deleted.","level":"info"}
{"message":"bookmark with id 0 deleted.","level":"info"}
{"message":"bookmark with id 0 deleted.","level":"info"}
{"message":"bookmark with id 0 deleted.","level":"info"}
{"message":"bookmark with id 0 deleted.","level":"info"}
{"message":"bookmark with id 0 deleted.","level":"info"}
{"message":"bookmark with id 0 deleted.","level":"info"}
{"message":"bookmark with id 0 deleted.","level":"info"}
{"message":"bookmark with id 0 deleted.","level":"info"}
{"message":"Bookmark with id 36 created","level":"info"}
{"message":"bookmark with id 1 deleted.","level":"info"}
{"message":"bookmark with id 0 deleted.","level":"info"}
{"message":"bookmark with id 0 deleted.","level":"info"}
{"message":"bookmark with id 1 deleted.","level":"info"}
{"message":"bookmark with id 1 deleted.","level":"info"}
{"message":"bookmark with id 1 deleted.","level":"info"}
{"message":"bookmark with id 1 deleted.","level":"info"}
{"message":"bookmark with id 1 deleted.","level":"info"}
{"message":"bookmark with id 0 deleted.","level":"info"}
{"message":"bookmark with id 1 deleted.","level":"info"}
{"message":"bookmark with id 1 deleted.","level":"info"}
{"message":"bookmark with id 0 deleted.","level":"info"}
{"message":"bookmark with id 1 deleted.","level":"info"}
{"message":"bookmark with id 1 deleted.","level":"info"}
{"message":"bookmark with id 1 deleted.","level":"info"}
{"message":"bookmark with id 1 deleted.","level":"info"}
{"message":"bookmark with id 1 deleted.","level":"info"}
{"message":"bookmark with id 1 deleted.","level":"info"}
{"message":"bookmark with id 1 deleted.","level":"info"}
{"message":"bookmark with id 1 deleted.","level":"info"}
{"message":"bookmark with id 1 deleted.","level":"info"}
{"message":"bookmark with id 1 deleted.","level":"info"}
{"message":"bookmark with id 1 deleted.","level":"info"}
{"message":"bookmark with id 1 deleted.","level":"info"}
{"message":"bookmark with id 1 deleted.","level":"info"}
{"message":"bookmark with id 1 deleted.","level":"info"}
{"message":"bookmark with id 1 deleted.","level":"info"}
{"message":"bookmark with id 1 deleted.","level":"info"}
{"message":"bookmark with id 1 deleted.","level":"info"}
{"message":"bookmark with id 1 deleted.","level":"info"}
{"message":"bookmark with id 1 deleted.","level":"info"}
{"message":"bookmark with id 1 deleted.","level":"info"}
{"message":"bookmark with id 1 deleted.","level":"info"}
{"message":"Bookmark with id 37 created","level":"info"}
{"message":"Unauthorized request to path: /api/folders","level":"error"}
{"message":"Unauthorized request to path: /api/notes","level":"error"}
{"message":"Unauthorized request to path: /api/folders","level":"error"}
{"message":"Unauthorized request to path: /api/notes","level":"error"}
{"message":"Unauthorized request to path: /api/folders","level":"error"}
{"message":"Unauthorized request to path: /api/notes","level":"error"}
{"message":"Unauthorized request to path: /api/folders","level":"error"}
{"message":"Unauthorized request to path: /api/noteful/notes","level":"error"}
{"message":"Unauthorized request to path: /api/noteful/notes","level":"error"}
{"message":"Unauthorized request to path: /api/folders","level":"error"}
{"message":"Unauthorized request to path: /api/noteful/folders","level":"error"}
{"message":"Unauthorized request to path: /api/noteful/notes","level":"error"}
{"message":"Unauthorized request to path: /api/noteful/folders","level":"error"}
{"message":"Unauthorized request to path: /api/noteful/notes","level":"error"}
{"message":"Unauthorized request to path: /api/noteful/folders","level":"error"}
{"message":"Unauthorized request to path: /api/noteful/notes","level":"error"}
{"message":"Unauthorized request to path: /api/noteful/folders","level":"error"}
{"message":"Unauthorized request to path: /api/noteful/notes","level":"error"}
{"message":"Unauthorized request to path: /api/noteful/folders","level":"error"}
{"message":"Unauthorized request to path: /api/noteful/notes","level":"error"}
{"message":"Unauthorized request to path: /api/noteful/folders","level":"error"}
{"message":"Unauthorized request to path: /api/noteful/notes","level":"error"}
{"message":"Unauthorized request to path: /api/noteful/folders","level":"error"}
{"message":"Unauthorized request to path: /api/noteful/notes","level":"error"}
{"message":"Unauthorized request to path: /api/noteful/folders","level":"error"}
{"message":"Unauthorized request to path: /api/noteful/notes","level":"error"}
{"message":"Unauthorized request to path: /api/noteful/folders","level":"error"}
{"message":"Unauthorized request to path: /api/noteful/notes","level":"error"}
{"message":"Unauthorized request to path: /api/noteful/folders","level":"error"}
{"message":"Unauthorized request to path: /api/notes","level":"error"}
{"message":"Unauthorized request to path: /api/noteful/folders","level":"error"}
{"message":"Unauthorized request to path: /api/notes","level":"error"}
{"message":"Unauthorized request to path: /api/notes","level":"error"}
{"message":"Unauthorized request to path: /api/folders","level":"error"}
{"message":"Unauthorized request to path: /api/folders","level":"error"}
{"message":"Unauthorized request to path: /api/notes","level":"error"}
{"message":"Unauthorized request to path: /api/folders","level":"error"}
{"message":"Unauthorized request to path: /api/notes","level":"error"}
{"message":"Unauthorized request to path: /api/folders","level":"error"}
{"message":"Unauthorized request to path: /api/notes","level":"error"}
{"message":"Unauthorized request to path: /api/folders","level":"error"}
{"message":"Unauthorized request to path: /api/notes","level":"error"}
{"message":"Unauthorized request to path: /api/folders","level":"error"}
{"message":"Unauthorized request to path: /api/notes","level":"error"}
{"message":"Unauthorized request to path: /api/folders","level":"error"}
{"message":"Unauthorized request to path: /api/notes","level":"error"}
{"message":"Unauthorized request to path: /api/folders","level":"error"}
{"message":"Unauthorized request to path: /api/notes","level":"error"}
{"message":"Unauthorized request to path: /api/notes/","level":"error"}
{"message":"Unauthorized request to path: /api/noteful/notes","level":"error"}
{"message":"Unauthorized request to path: /api/noteful/notes","level":"error"}
{"message":"Unauthorized request to path: /api/noteful/notes","level":"error"}
{"message":"Unauthorized request to path: /api/noteful/notes","level":"error"}
{"message":"bookmark with id 1 deleted.","level":"info"}
{"message":"Bookmark with id 38 created","level":"info"}
{"message":"bookmark with id 1 deleted.","level":"info"}
{"message":"Unauthorized request to path: /api/bookmarks","level":"error"}
{"message":"Unauthorized request to path: /api/bookmarks","level":"error"}
{"message":"Unauthorized request to path: /favicon.ico","level":"error"}
{"message":"Unauthorized request to path: /api/bookmarks","level":"error"}
{"message":"Unauthorized request to path: /api/bookmarks","level":"error"}
{"message":"Unauthorized request to path: /api/bookmarks","level":"error"}
{"message":"Unauthorized request to path: /api/bookmarks","level":"error"}
{"message":"Bookmark with id 39 created","level":"info"}
{"message":"Bookmark with id 1 created","level":"info"}
{"message":"Bookmark with id 1 created","level":"info"}
{"message":"Bookmark with id 1 created","level":"info"}
{"message":"Bookmark with id 1 created","level":"info"}
{"message":"Bookmark with id 1 created","level":"info"}
{"message":"Unauthorized request to path: /","level":"error"}
{"message":"Unauthorized request to path: /api/bookmarks","level":"error"}
{"message":"Unauthorized request to path: /api/bookmarks/123","level":"error"}
{"message":"Bookmark with id 123 not found.","level":"error"}
{"message":"Unauthorized request to path: /api/bookmarks/123","level":"error"}
{"message":"Bookmark with id 123 not found.","level":"error"}
{"message":"Unauthorized request to path: /api/bookmarks","level":"error"}
{"message":"name is required","level":"error"}
{"message":"Unauthorized request to path: /api/bookmarks","level":"error"}
{"message":"name is required","level":"error"}
{"message":"Unauthorized request to path: /api/bookmarks","level":"error"}
{"message":"name is required","level":"error"}
{"message":"Unauthorized request to path: /api/bookmarks","level":"error"}
{"message":"name is required","level":"error"}
{"message":"Unauthorized request to path: /api/bookmarks","level":"error"}
{"message":"name is required","level":"error"}
{"message":"Unauthorized request to path: /api/bookmarks","level":"error"}
{"message":"name is required","level":"error"}
{"message":"Unauthorized request to path: /api/bookmarks","level":"error"}
{"message":"name is required","level":"error"}
{"message":"Unauthorized request to path: /api/bookmarks/123456","level":"error"}
{"message":"Bookmark with id 123456 not found.","level":"error"}
{"message":"Unauthorized request to path: /","level":"error"}
{"message":"Unauthorized request to path: /api/bookmarks","level":"error"}
{"message":"Unauthorized request to path: /api/bookmarks/123","level":"error"}
{"message":"Bookmark with id 123 not found.","level":"error"}
{"message":"Unauthorized request to path: /api/bookmarks/123","level":"error"}
{"message":"Bookmark with id 123 not found.","level":"error"}
{"message":"Unauthorized request to path: /api/bookmarks","level":"error"}
{"message":"name is required","level":"error"}
{"message":"Unauthorized request to path: /api/bookmarks","level":"error"}
{"message":"url is required","level":"error"}
{"message":"Unauthorized request to path: /api/bookmarks","level":"error"}
{"message":"rating is required","level":"error"}
{"message":"Unauthorized request to path: /api/bookmarks","level":"error"}
{"message":"Invalid rating 'invalid' supplied","level":"error"}
{"message":"Unauthorized request to path: /api/bookmarks","level":"error"}
{"message":"Invalid url 'htp://invalid-url' supplied","level":"error"}
{"message":"Unauthorized request to path: /api/bookmarks","level":"error"}
{"message":"Bookmark with id 1 created.","level":"info"}
{"message":"Unauthorized request to path: /api/bookmarks/1","level":"error"}
{"message":"Unauthorized request to path: /api/bookmarks","level":"error"}
{"message":"name is required","level":"error"}
{"message":"Unauthorized request to path: /api/bookmarks/123456","level":"error"}
{"message":"Bookmark with id 123456 not found.","level":"error"}
{"message":"Unauthorized request to path: /","level":"error"}
{"message":"Unauthorized request to path: /api/bookmarks","level":"error"}
{"message":"Unauthorized request to path: /api/bookmarks/123","level":"error"}
{"message":"Bookmark with id 123 not found.","level":"error"}
{"message":"Unauthorized request to path: /api/bookmarks/123","level":"error"}
{"message":"Bookmark with id 123 not found.","level":"error"}
{"message":"Unauthorized request to path: /api/bookmarks","level":"error"}
{"message":"name is required","level":"error"}
{"message":"Unauthorized request to path: /api/bookmarks","level":"error"}
{"message":"url is required","level":"error"}
{"message":"Unauthorized request to path: /api/bookmarks","level":"error"}
{"message":"rating is required","level":"error"}
{"message":"Unauthorized request to path: /api/bookmarks","level":"error"}
{"message":"Invalid rating 'invalid' supplied","level":"error"}
{"message":"Unauthorized request to path: /api/bookmarks","level":"error"}
{"message":"Invalid url 'htp://invalid-url' supplied","level":"error"}
{"message":"Unauthorized request to path: /api/bookmarks","level":"error"}
{"message":"Bookmark with id 1 created.","level":"info"}
{"message":"Unauthorized request to path: /api/bookmarks/1","level":"error"}
{"message":"Unauthorized request to path: /api/bookmarks","level":"error"}
{"message":"name is required","level":"error"}
{"message":"Unauthorized request to path: /api/bookmarks/123456","level":"error"}
{"message":"Bookmark with id 123456 not found.","level":"error"}
{"message":"Unauthorized request to path: /api/bookmarks","level":"error"}
{"message":"Unauthorized request to path: /api/bookmarks","level":"error"}
{"message":"name is required","level":"error"}
{"message":"Unauthorized request to path: /api/bookmarks","level":"error"}
{"message":"Unauthorized request to path: /favicon.ico","level":"error"}
{"message":"Unauthorized request to path: /api/bookmarks/39","level":"error"}
{"message":"Bookmark with id 39 deleted.","level":"info"}
{"message":"Unauthorized request to path: /api/bookmarks","level":"error"}
{"message":"Unauthorized request to path: /api/bookmarks","level":"error"}
{"message":"Unauthorized request to path: /api/bookmarks","level":"error"}
{"message":"Unauthorized request to path: /api/bookmarks","level":"error"}
{"message":"Unauthorized request to path: /api/bookmarks","level":"error"}
{"message":"Unauthorized request to path: /api/bookmarks","level":"error"}
{"message":"Unauthorized request to path: /api/bookmarks","level":"error"}
{"message":"Unauthorized request to path: /api/bookmarks","level":"error"}
{"message":"name is required","level":"error"}
{"message":"Unauthorized request to path: /api/bookmarks","level":"error"}
{"message":"name is required","level":"error"}
{"message":"Unauthorized request to path: /bookmarks","level":"error"}
{"message":"Unauthorized request to path: /api/bookmarks","level":"error"}
{"message":"Unauthorized request to path: /api/bookmarks","level":"error"}
{"message":"Unauthorized request to path: /api/bookmarks","level":"error"}
{"message":"Bookmark with id 40 created.","level":"info"}
{"message":"Unauthorized request to path: /api/bookmarks","level":"error"}
{"message":"Unauthorized request to path: /api/bookmarks","level":"error"}
{"message":"Unauthorized request to path: /api/bookmarks/40","level":"error"}
{"message":"Bookmark with id 40 deleted.","level":"info"}
{"message":"Unauthorized request to path: /api/bookmarks/40","level":"error"}
{"message":"Bookmark with id 40 not found.","level":"error"}
{"message":"Unauthorized request to path: /api/bookmarks","level":"error"}
{"message":"Unauthorized request to path: /api/bookmarks","level":"error"}
{"message":"Bookmark with id 41 created.","level":"info"}
{"message":"Unauthorized request to path: /api/bookmarks","level":"error"}
{"message":"Unauthorized request to path: /api/bookmarks/41","level":"error"}
{"message":"Bookmark with id 41 deleted.","level":"info"}
{"message":"Unauthorized request to path: /api/bookmarks","level":"error"}
{"message":"Unauthorized request to path: /api/bookmarks","level":"error"}
{"message":"Unauthorized request to path: /api/bookmarks","level":"error"}
{"message":"Unauthorized request to path: /api/bookmarks","level":"error"}
{"message":"Unauthorized request to path: /api/bookmarks","level":"error"}
{"message":"Unauthorized request to path: /api/bookmarks","level":"error"}
{"message":"Bookmark with id 42 created.","level":"info"}
{"message":"Unauthorized request to path: /api/bookmarks/42","level":"error"}
{"message":"Bookmark with id 42 deleted.","level":"info"}
{"message":"Unauthorized request to path: /api/bookmarks","level":"error"}
{"message":"Unauthorized request to path: /api/bookmarks","level":"error"}
{"message":"Bookmark with id 43 created.","level":"info"}
{"message":"Unauthorized request to path: /api/bookmarks/43","level":"error"}
{"message":"Bookmark with id 43 deleted.","level":"info"}
{"message":"Unauthorized request to path: /api/bookmarks","level":"error"}
{"message":"Unauthorized request to path: /api/bookmarks","level":"error"}
{"message":"Bookmark with id 44 created.","level":"info"}
{"message":"Unauthorized request to path: /api/bookmarks/44","level":"error"}
{"message":"Bookmark with id 44 deleted.","level":"info"}
{"message":"Unauthorized request to path: /api/bookmarks","level":"error"}
{"message":"Unauthorized request to path: /api/bookmarks","level":"error"}
{"message":"Bookmark with id 45 created.","level":"info"}
{"message":"Unauthorized request to path: /api/bookmarks/45","level":"error"}
{"message":"Bookmark with id 45 deleted.","level":"info"}
{"message":"Unauthorized request to path: /api/bookmarks/45","level":"error"}
{"message":"Bookmark with id 45 not found.","level":"error"}
{"message":"Unauthorized request to path: /api/bookmarks","level":"error"}
{"message":"Unauthorized request to path: /api/bookmarks","level":"error"}
{"message":"Bookmark with id 46 created.","level":"info"}
{"message":"Unauthorized request to path: /api/bookmarks/46","level":"error"}
{"message":"Bookmark with id 46 deleted.","level":"info"}
{"message":"Unauthorized request to path: /api/bookmarks","level":"error"}
{"message":"Unauthorized request to path: /api/bookmarks","level":"error"}
{"message":"Bookmark with id 47 created.","level":"info"}
{"message":"Unauthorized request to path: /api/bookmarks/47","level":"error"}
{"message":"Bookmark with id 47 deleted.","level":"info"}
{"message":"Unauthorized request to path: /api/bookmarks","level":"error"}
{"message":"Unauthorized request to path: /api/bookmarks","level":"error"}
{"message":"Bookmark with id 48 created.","level":"info"}
{"message":"Unauthorized request to path: /api/bookmarks/48","level":"error"}
{"message":"Bookmark with id 48 deleted.","level":"info"}
{"message":"Unauthorized request to path: /api/bookmarks","level":"error"}
{"message":"Unauthorized request to path: /api/bookmarks","level":"error"}
{"message":"Bookmark with id 49 created.","level":"info"}
{"message":"Unauthorized request to path: /api/bookmarks/49","level":"error"}
{"message":"Bookmark with id 49 deleted.","level":"info"}
{"message":"Unauthorized request to path: /api/bookmarks","level":"error"}
{"message":"Unauthorized request to path: /api/bookmarks","level":"error"}
{"message":"Bookmark with id 50 created.","level":"info"}
{"message":"Unauthorized request to path: /api/bookmarks/50","level":"error"}
{"message":"Bookmark with id 50 deleted.","level":"info"}
{"message":"Unauthorized request to path: /api/bookmarks/50","level":"error"}
{"message":"Bookmark with id 50 not found.","level":"error"}
{"message":"Unauthorized request to path: /api/bookmarks","level":"error"}
{"message":"Unauthorized request to path: /api/bookmarks","level":"error"}
{"message":"Unauthorized request to path: /api/bookmarks","level":"error"}
{"message":"Bookmark with id 51 created.","level":"info"}
{"message":"Unauthorized request to path: /api/bookmarks/51","level":"error"}
{"message":"Bookmark with id 51 deleted.","level":"info"}
{"message":"Unauthorized request to path: /api/bookmarks/51","level":"error"}
{"message":"Bookmark with id 51 not found.","level":"error"}
{"message":"Unauthorized request to path: /api/bookmarks","level":"error"}
{"message":"Unauthorized request to path: /api/bookmarks","level":"error"}
{"message":"Bookmark with id 52 created.","level":"info"}
{"message":"Unauthorized request to path: /api/bookmarks/52","level":"error"}
{"message":"Bookmark with id 52 deleted.","level":"info"}
{"message":"Unauthorized request to path: /api/bookmarks","level":"error"}
{"message":"Unauthorized request to path: /api/bookmarks","level":"error"}
{"message":"Bookmark with id 53 created.","level":"info"}
{"message":"Unauthorized request to path: /api/bookmarks/53","level":"error"}
{"message":"Bookmark with id 53 deleted.","level":"info"}
{"message":"Unauthorized request to path: /api/bookmarks/53","level":"error"}
{"message":"Bookmark with id 53 not found.","level":"error"}
{"message":"Unauthorized request to path: /api/bookmarks","level":"error"}
{"message":"Unauthorized request to path: /api/bookmarks","level":"error"}
{"message":"Bookmark with id 54 created.","level":"info"}
{"message":"Unauthorized request to path: /api/bookmarks","level":"error"}
{"message":"Unauthorized request to path: /api/bookmarks","level":"error"}
{"message":"Unauthorized request to path: /api/bookmarks","level":"error"}
{"message":"Unauthorized request to path: /api/bookmarks","level":"error"}
{"message":"Unauthorized request to path: /api/bookmarks/54","level":"error"}
{"message":"Bookmark with id 54 deleted.","level":"info"}
{"message":"Unauthorized request to path: /api/bookmarks","level":"error"}
{"message":"Unauthorized request to path: /api/bookmarks","level":"error"}
{"message":"Bookmark with id 55 created.","level":"info"}
{"message":"Unauthorized request to path: /api/bookmarks/55","level":"error"}
{"message":"Bookmark with id 55 deleted.","level":"info"}
{"message":"Unauthorized request to path: /api/bookmarks","level":"error"}
{"message":"Unauthorized request to path: /api/bookmarks","level":"error"}
{"message":"Bookmark with id 56 created.","level":"info"}
{"message":"Unauthorized request to path: /api/bookmarks/56","level":"error"}
{"message":"Bookmark with id 56 deleted.","level":"info"}
{"message":"Unauthorized request to path: /api/bookmarks","level":"error"}
{"message":"Unauthorized request to path: /api/bookmarks","level":"error"}
{"message":"Bookmark with id 57 created.","level":"info"}
{"message":"Unauthorized request to path: /api/bookmarks/57","level":"error"}
{"message":"Bookmark with id 57 deleted.","level":"info"}
{"message":"Unauthorized request to path: /api/bookmarks","level":"error"}
{"message":"Unauthorized request to path: /api/bookmarks","level":"error"}
{"message":"Unauthorized request to path: /api/bookmarks","level":"error"}
{"message":"Unauthorized request to path: /api/bookmarks","level":"error"}
{"message":"Bookmark with id 58 created.","level":"info"}
{"message":"Unauthorized request to path: /api/bookmarks/58","level":"error"}
{"message":"Bookmark with id 58 deleted.","level":"info"}
{"message":"Unauthorized request to path: /api/bookmarks","level":"error"}
{"message":"Unauthorized request to path: /api/bookmarks","level":"error"}
{"message":"Unauthorized request to path: /api/bookmarks","level":"error"}
{"message":"Unauthorized request to path: /api/bookmarks","level":"error"}
{"message":"Unauthorized request to path: /api/bookmarks","level":"error"}
{"message":"Bookmark with id 59 created.","level":"info"}
{"message":"Unauthorized request to path: /api/bookmarks/59","level":"error"}
{"message":"Bookmark with id 59 deleted.","level":"info"}
{"message":"Unauthorized request to path: /api/bookmarks","level":"error"}
{"message":"Unauthorized request to path: /api/bookmarks","level":"error"}
{"message":"Bookmark with id 60 created.","level":"info"}
{"message":"Unauthorized request to path: /api/bookmarks/60","level":"error"}
{"message":"Bookmark with id 60 deleted.","level":"info"}
{"message":"Unauthorized request to path: /api/bookmarks","level":"error"}
{"message":"Bookmark with id 61 created.","level":"info"}
{"message":"Unauthorized request to path: /api/bookmarks","level":"error"}
{"message":"Unauthorized request to path: /api/bookmarks","level":"error"}
{"message":"Unauthorized request to path: /api/bookmarks","level":"error"}
{"message":"Unauthorized request to path: /api/bookmarks","level":"error"}
{"message":"Unauthorized request to path: /api/bookmarks","level":"error"}
{"message":"Unauthorized request to path: /api/bookmarks","level":"error"}
{"message":"Unauthorized request to path: /api/bookmarks","level":"error"}
{"message":"Unauthorized request to path: /api/bookmarks","level":"error"}
{"message":"Unauthorized request to path: /api/bookmarks","level":"error"}
{"message":"Unauthorized request to path: /api/bookmarks","level":"error"}
{"message":"Unauthorized request to path: /api/bookmarks","level":"error"}
{"message":"Unauthorized request to path: /api/bookmarks","level":"error"}
{"message":"Unauthorized request to path: /api/bookmarks","level":"error"}
{"message":"Unauthorized request to path: /api/bookmarks","level":"error"}
{"message":"Unauthorized request to path: /api/bookmarks","level":"error"}
{"message":"Unauthorized request to path: /api/bookmarks","level":"error"}
{"message":"Unauthorized request to path: /api/bookmarks","level":"error"}
{"message":"Unauthorized request to path: /api/bookmarks","level":"error"}
{"message":"Unauthorized request to path: /api/bookmarks","level":"error"}
{"message":"Unauthorized request to path: /api/bookmarks","level":"error"}
{"message":"Unauthorized request to path: /api/bookmarks","level":"error"}
{"message":"Unauthorized request to path: /api/bookmarks","level":"error"}
{"message":"Unauthorized request to path: /api/bookmarks","level":"error"}
{"message":"Unauthorized request to path: /api/bookmarks","level":"error"}
{"message":"Unauthorized request to path: /api/bookmarks","level":"error"}
{"message":"Unauthorized request to path: /api/bookmarks","level":"error"}
{"message":"Unauthorized request to path: /api/bookmarks","level":"error"}
{"message":"Unauthorized request to path: /api/bookmarks","level":"error"}
{"message":"Unauthorized request to path: /api/bookmarks","level":"error"}
{"message":"Unauthorized request to path: /api/bookmarks","level":"error"}
{"message":"Unauthorized request to path: /api/bookmarks","level":"error"}
{"message":"Unauthorized request to path: /api/bookmarks","level":"error"}
{"message":"Unauthorized request to path: /api/bookmarks","level":"error"}
{"message":"Unauthorized request to path: /api/bookmarks/61","level":"error"}
{"message":"Invalid rating '1' supplied","level":"error"}
{"message":"Unauthorized request to path: /api/bookmarks","level":"error"}
{"message":"Unauthorized request to path: /api/bookmarks/61","level":"error"}
{"message":"Unauthorized request to path: /api/bookmarks/61","level":"error"}
{"message":"Unauthorized request to path: /favicon.ico","level":"error"}
{"message":"Unauthorized request to path: /api/bookmarks","level":"error"}
{"message":"Unauthorized request to path: /api/bookmarks/61","level":"error"}
{"message":"Unauthorized request to path: /api/bookmarks/61","level":"error"}
{"message":"Unauthorized request to path: /api/bookmarks/61","level":"error"}
{"message":"Unauthorized request to path: /api/bookmarks","level":"error"}
{"message":"Unauthorized request to path: /api/bookmarks","level":"error"}
{"message":"Unauthorized request to path: /api/bookmarks","level":"error"}
{"message":"Unauthorized request to path: /api/bookmarks/61","level":"error"}
{"message":"Unauthorized request to path: /api/bookmarks/61","level":"error"}
